<?xml version="1.0" encoding="UTF-8"?>
<!-- Generated by org.testng.reporters.JUnitReportReporter -->
<testsuite hostname="L34481WIN" name="com.masti.testcases.TestNGParallel.TestB" tests="1" failures="0" timestamp="9 Apr 2020 12:31:46 GMT" time="41.531" errors="0">
  <testcase name="Test2" time="41.531" classname="com.masti.testcases.TestNGParallel.TestB"/>
</testsuite> <!-- com.masti.testcases.TestNGParallel.TestB -->
