<?xml version="1.0" encoding="UTF-8"?>
<!-- Generated by org.testng.reporters.JUnitReportReporter -->
<testsuite hostname="L34481WIN" name="com.masti.testcases.TestNGParallel.TestD" tests="1" failures="0" timestamp="9 Apr 2020 12:31:46 GMT" time="11.776" errors="0">
  <testcase name="Test4" time="11.776" classname="com.masti.testcases.TestNGParallel.TestD"/>
</testsuite> <!-- com.masti.testcases.TestNGParallel.TestD -->
